INFO:     Started server process [140222]
INFO:     Waiting for application startup.
2026-03-28 20:17:50,318 INFO sqlalchemy.engine.Engine select pg_catalog.version()
2026-03-28 20:17:50,319 INFO sqlalchemy.engine.Engine [raw sql] ()
2026-03-28 20:17:50,325 INFO sqlalchemy.engine.Engine select current_schema()
2026-03-28 20:17:50,325 INFO sqlalchemy.engine.Engine [raw sql] ()
2026-03-28 20:17:50,327 INFO sqlalchemy.engine.Engine show standard_conforming_strings
2026-03-28 20:17:50,328 INFO sqlalchemy.engine.Engine [raw sql] ()
2026-03-28 20:17:50,330 INFO sqlalchemy.engine.Engine BEGIN (implicit)
2026-03-28 20:17:50,340 INFO sqlalchemy.engine.Engine SELECT pg_catalog.pg_class.relname 
FROM pg_catalog.pg_class JOIN pg_catalog.pg_namespace ON pg_catalog.pg_namespace.oid = pg_catalog.pg_class.relnamespace 
WHERE pg_catalog.pg_class.relname = $1::VARCHAR AND pg_catalog.pg_class.relkind = ANY (ARRAY[$2::VARCHAR, $3::VARCHAR, $4::VARCHAR, $5::VARCHAR, $6::VARCHAR]) AND pg_catalog.pg_table_is_visible(pg_catalog.pg_class.oid) AND pg_catalog.pg_namespace.nspname != $7::VARCHAR
2026-03-28 20:17:50,340 INFO sqlalchemy.engine.Engine [generated in 0.00029s] ('applications', 'r', 'p', 'f', 'v', 'm', 'pg_catalog')
2026-03-28 20:17:50,345 INFO sqlalchemy.engine.Engine SELECT pg_catalog.pg_class.relname 
FROM pg_catalog.pg_class JOIN pg_catalog.pg_namespace ON pg_catalog.pg_namespace.oid = pg_catalog.pg_class.relnamespace 
WHERE pg_catalog.pg_class.relname = $1::VARCHAR AND pg_catalog.pg_class.relkind = ANY (ARRAY[$2::VARCHAR, $3::VARCHAR, $4::VARCHAR, $5::VARCHAR, $6::VARCHAR]) AND pg_catalog.pg_table_is_visible(pg_catalog.pg_class.oid) AND pg_catalog.pg_namespace.nspname != $7::VARCHAR
2026-03-28 20:17:50,345 INFO sqlalchemy.engine.Engine [cached since 0.005108s ago] ('application_items', 'r', 'p', 'f', 'v', 'm', 'pg_catalog')
2026-03-28 20:17:50,347 INFO sqlalchemy.engine.Engine SELECT pg_catalog.pg_class.relname 
FROM pg_catalog.pg_class JOIN pg_catalog.pg_namespace ON pg_catalog.pg_namespace.oid = pg_catalog.pg_class.relnamespace 
WHERE pg_catalog.pg_class.relname = $1::VARCHAR AND pg_catalog.pg_class.relkind = ANY (ARRAY[$2::VARCHAR, $3::VARCHAR, $4::VARCHAR, $5::VARCHAR, $6::VARCHAR]) AND pg_catalog.pg_table_is_visible(pg_catalog.pg_class.oid) AND pg_catalog.pg_namespace.nspname != $7::VARCHAR
2026-03-28 20:17:50,347 INFO sqlalchemy.engine.Engine [cached since 0.006839s ago] ('donations_cash', 'r', 'p', 'f', 'v', 'm', 'pg_catalog')
2026-03-28 20:17:50,348 INFO sqlalchemy.engine.Engine SELECT pg_catalog.pg_class.relname 
FROM pg_catalog.pg_class JOIN pg_catalog.pg_namespace ON pg_catalog.pg_namespace.oid = pg_catalog.pg_class.relnamespace 
WHERE pg_catalog.pg_class.relname = $1::VARCHAR AND pg_catalog.pg_class.relkind = ANY (ARRAY[$2::VARCHAR, $3::VARCHAR, $4::VARCHAR, $5::VARCHAR, $6::VARCHAR]) AND pg_catalog.pg_table_is_visible(pg_catalog.pg_class.oid) AND pg_catalog.pg_namespace.nspname != $7::VARCHAR
2026-03-28 20:17:50,348 INFO sqlalchemy.engine.Engine [cached since 0.008577s ago] ('donations_goods', 'r', 'p', 'f', 'v', 'm', 'pg_catalog')
2026-03-28 20:17:50,350 INFO sqlalchemy.engine.Engine SELECT pg_catalog.pg_class.relname 
FROM pg_catalog.pg_class JOIN pg_catalog.pg_namespace ON pg_catalog.pg_namespace.oid = pg_catalog.pg_class.relnamespace 
WHERE pg_catalog.pg_class.relname = $1::VARCHAR AND pg_catalog.pg_class.relkind = ANY (ARRAY[$2::VARCHAR, $3::VARCHAR, $4::VARCHAR, $5::VARCHAR, $6::VARCHAR]) AND pg_catalog.pg_table_is_visible(pg_catalog.pg_class.oid) AND pg_catalog.pg_namespace.nspname != $7::VARCHAR
2026-03-28 20:17:50,350 INFO sqlalchemy.engine.Engine [cached since 0.01008s ago] ('donation_goods_items', 'r', 'p', 'f', 'v', 'm', 'pg_catalog')
2026-03-28 20:17:50,351 INFO sqlalchemy.engine.Engine SELECT pg_catalog.pg_class.relname 
FROM pg_catalog.pg_class JOIN pg_catalog.pg_namespace ON pg_catalog.pg_namespace.oid = pg_catalog.pg_class.relnamespace 
WHERE pg_catalog.pg_class.relname = $1::VARCHAR AND pg_catalog.pg_class.relkind = ANY (ARRAY[$2::VARCHAR, $3::VARCHAR, $4::VARCHAR, $5::VARCHAR, $6::VARCHAR]) AND pg_catalog.pg_table_is_visible(pg_catalog.pg_class.oid) AND pg_catalog.pg_namespace.nspname != $7::VARCHAR
2026-03-28 20:17:50,351 INFO sqlalchemy.engine.Engine [cached since 0.01122s ago] ('food_banks', 'r', 'p', 'f', 'v', 'm', 'pg_catalog')
2026-03-28 20:17:50,352 INFO sqlalchemy.engine.Engine SELECT pg_catalog.pg_class.relname 
FROM pg_catalog.pg_class JOIN pg_catalog.pg_namespace ON pg_catalog.pg_namespace.oid = pg_catalog.pg_class.relnamespace 
WHERE pg_catalog.pg_class.relname = $1::VARCHAR AND pg_catalog.pg_class.relkind = ANY (ARRAY[$2::VARCHAR, $3::VARCHAR, $4::VARCHAR, $5::VARCHAR, $6::VARCHAR]) AND pg_catalog.pg_table_is_visible(pg_catalog.pg_class.oid) AND pg_catalog.pg_namespace.nspname != $7::VARCHAR
2026-03-28 20:17:50,353 INFO sqlalchemy.engine.Engine [cached since 0.01273s ago] ('food_bank_hours', 'r', 'p', 'f', 'v', 'm', 'pg_catalog')
2026-03-28 20:17:50,354 INFO sqlalchemy.engine.Engine SELECT pg_catalog.pg_class.relname 
FROM pg_catalog.pg_class JOIN pg_catalog.pg_namespace ON pg_catalog.pg_namespace.oid = pg_catalog.pg_class.relnamespace 
WHERE pg_catalog.pg_class.relname = $1::VARCHAR AND pg_catalog.pg_class.relkind = ANY (ARRAY[$2::VARCHAR, $3::VARCHAR, $4::VARCHAR, $5::VARCHAR, $6::VARCHAR]) AND pg_catalog.pg_table_is_visible(pg_catalog.pg_class.oid) AND pg_catalog.pg_namespace.nspname != $7::VARCHAR
2026-03-28 20:17:50,354 INFO sqlalchemy.engine.Engine [cached since 0.01408s ago] ('food_packages', 'r', 'p', 'f', 'v', 'm', 'pg_catalog')
2026-03-28 20:17:50,355 INFO sqlalchemy.engine.Engine SELECT pg_catalog.pg_class.relname 
FROM pg_catalog.pg_class JOIN pg_catalog.pg_namespace ON pg_catalog.pg_namespace.oid = pg_catalog.pg_class.relnamespace 
WHERE pg_catalog.pg_class.relname = $1::VARCHAR AND pg_catalog.pg_class.relkind = ANY (ARRAY[$2::VARCHAR, $3::VARCHAR, $4::VARCHAR, $5::VARCHAR, $6::VARCHAR]) AND pg_catalog.pg_table_is_visible(pg_catalog.pg_class.oid) AND pg_catalog.pg_namespace.nspname != $7::VARCHAR
2026-03-28 20:17:50,355 INFO sqlalchemy.engine.Engine [cached since 0.01473s ago] ('inventory_items', 'r', 'p', 'f', 'v', 'm', 'pg_catalog')
2026-03-28 20:17:50,355 INFO sqlalchemy.engine.Engine SELECT pg_catalog.pg_class.relname 
FROM pg_catalog.pg_class JOIN pg_catalog.pg_namespace ON pg_catalog.pg_namespace.oid = pg_catalog.pg_class.relnamespace 
WHERE pg_catalog.pg_class.relname = $1::VARCHAR AND pg_catalog.pg_class.relkind = ANY (ARRAY[$2::VARCHAR, $3::VARCHAR, $4::VARCHAR, $5::VARCHAR, $6::VARCHAR]) AND pg_catalog.pg_table_is_visible(pg_catalog.pg_class.oid) AND pg_catalog.pg_namespace.nspname != $7::VARCHAR
2026-03-28 20:17:50,356 INFO sqlalchemy.engine.Engine [cached since 0.01562s ago] ('inventory_lots', 'r', 'p', 'f', 'v', 'm', 'pg_catalog')
2026-03-28 20:17:50,357 INFO sqlalchemy.engine.Engine SELECT pg_catalog.pg_class.relname 
FROM pg_catalog.pg_class JOIN pg_catalog.pg_namespace ON pg_catalog.pg_namespace.oid = pg_catalog.pg_class.relnamespace 
WHERE pg_catalog.pg_class.relname = $1::VARCHAR AND pg_catalog.pg_class.relkind = ANY (ARRAY[$2::VARCHAR, $3::VARCHAR, $4::VARCHAR, $5::VARCHAR, $6::VARCHAR]) AND pg_catalog.pg_table_is_visible(pg_catalog.pg_class.oid) AND pg_catalog.pg_namespace.nspname != $7::VARCHAR
2026-03-28 20:17:50,357 INFO sqlalchemy.engine.Engine [cached since 0.01692s ago] ('package_items', 'r', 'p', 'f', 'v', 'm', 'pg_catalog')
2026-03-28 20:17:50,358 INFO sqlalchemy.engine.Engine SELECT pg_catalog.pg_class.relname 
FROM pg_catalog.pg_class JOIN pg_catalog.pg_namespace ON pg_catalog.pg_namespace.oid = pg_catalog.pg_class.relnamespace 
WHERE pg_catalog.pg_class.relname = $1::VARCHAR AND pg_catalog.pg_class.relkind = ANY (ARRAY[$2::VARCHAR, $3::VARCHAR, $4::VARCHAR, $5::VARCHAR, $6::VARCHAR]) AND pg_catalog.pg_table_is_visible(pg_catalog.pg_class.oid) AND pg_catalog.pg_namespace.nspname != $7::VARCHAR
2026-03-28 20:17:50,358 INFO sqlalchemy.engine.Engine [cached since 0.0182s ago] ('restock_requests', 'r', 'p', 'f', 'v', 'm', 'pg_catalog')
2026-03-28 20:17:50,359 INFO sqlalchemy.engine.Engine SELECT pg_catalog.pg_class.relname 
FROM pg_catalog.pg_class JOIN pg_catalog.pg_namespace ON pg_catalog.pg_namespace.oid = pg_catalog.pg_class.relnamespace 
WHERE pg_catalog.pg_class.relname = $1::VARCHAR AND pg_catalog.pg_class.relkind = ANY (ARRAY[$2::VARCHAR, $3::VARCHAR, $4::VARCHAR, $5::VARCHAR, $6::VARCHAR]) AND pg_catalog.pg_table_is_visible(pg_catalog.pg_class.oid) AND pg_catalog.pg_namespace.nspname != $7::VARCHAR
2026-03-28 20:17:50,359 INFO sqlalchemy.engine.Engine [cached since 0.0195s ago] ('users', 'r', 'p', 'f', 'v', 'm', 'pg_catalog')
2026-03-28 20:17:50,361 INFO sqlalchemy.engine.Engine COMMIT
2026-03-28 20:17:50,363 INFO sqlalchemy.engine.Engine BEGIN (implicit)
2026-03-28 20:17:50,451 INFO sqlalchemy.engine.Engine SELECT users.id, users.name, users.email, users.password_hash, users.role, users.created_at, users.updated_at 
FROM users 
WHERE users.email = $1::VARCHAR
2026-03-28 20:17:50,451 INFO sqlalchemy.engine.Engine [generated in 0.00044s] ('admin@foodbank.com',)
(trapped) error reading bcrypt version
Traceback (most recent call last):
  File "/usr/local/python/3.12.1/lib/python3.12/site-packages/passlib/handlers/bcrypt.py", line 620, in _load_backend_mixin
    version = _bcrypt.__about__.__version__
              ^^^^^^^^^^^^^^^^^
AttributeError: module 'bcrypt' has no attribute '__about__'
2026-03-28 20:17:50,841 INFO sqlalchemy.engine.Engine SELECT users.id, users.name, users.email, users.password_hash, users.role, users.created_at, users.updated_at 
FROM users 
WHERE users.email = $1::VARCHAR
2026-03-28 20:17:50,841 INFO sqlalchemy.engine.Engine [cached since 0.3905s ago] ('supermarket@foodbank.com',)
2026-03-28 20:17:51,104 INFO sqlalchemy.engine.Engine SELECT users.id, users.name, users.email, users.password_hash, users.role, users.created_at, users.updated_at 
FROM users 
WHERE users.email = $1::VARCHAR
2026-03-28 20:17:51,104 INFO sqlalchemy.engine.Engine [cached since 0.654s ago] ('user@example.com',)
2026-03-28 20:17:51,410 INFO sqlalchemy.engine.Engine UPDATE users SET password_hash=$1::VARCHAR, updated_at=now() WHERE users.id = $2::UUID
2026-03-28 20:17:51,410 INFO sqlalchemy.engine.Engine [generated in 0.00027s] [('$2b$12$gnB9MwBUcmMHu/AqfRUkh.BeDQoPORrqV1ATG3P4bL7u7YGI/niOW', UUID('17eca987-21be-4b6a-9587-f52cc9e1fdee')), ('$2b$12$VH9U0iRvttR.A4njBBTMYuoUKkdv82H6p9htGnC5QZSitXLqg0fce', UUID('3fe38e20-6976-4468-adc0-3aeaa2acc863')), ('$2b$12$PiKoUCRCtoDOoGWJBSN2eu7vsqtCpsawdc4lRjyxvfI4J/TRLfIlS', UUID('eff0c898-448c-4a66-91f7-0a28beb1e994'))]
2026-03-28 20:17:51,411 INFO sqlalchemy.engine.Engine COMMIT
2026-03-28 20:17:51,414 INFO sqlalchemy.engine.Engine BEGIN (implicit)
2026-03-28 20:17:51,415 INFO sqlalchemy.engine.Engine SELECT food_banks.id, food_banks.name, food_banks.address, food_banks.lat, food_banks.lng, food_banks.created_at 
FROM food_banks 
WHERE food_banks.name = $1::VARCHAR
2026-03-28 20:17:51,415 INFO sqlalchemy.engine.Engine [generated in 0.00014s] ('Downtown Community Food Bank',)
2026-03-28 20:17:51,416 INFO sqlalchemy.engine.Engine SELECT food_banks.id, food_banks.name, food_banks.address, food_banks.lat, food_banks.lng, food_banks.created_at 
FROM food_banks 
WHERE food_banks.name = $1::VARCHAR
2026-03-28 20:17:51,417 INFO sqlalchemy.engine.Engine [cached since 0.001936s ago] ('Westside Food Support Centre',)
2026-03-28 20:17:51,417 INFO sqlalchemy.engine.Engine SELECT food_banks.id, food_banks.name, food_banks.address, food_banks.lat, food_banks.lng, food_banks.created_at 
FROM food_banks 
WHERE food_banks.name = $1::VARCHAR
2026-03-28 20:17:51,417 INFO sqlalchemy.engine.Engine [cached since 0.002771s ago] ('Southbank Foodbank Hub',)
2026-03-28 20:17:51,418 INFO sqlalchemy.engine.Engine ROLLBACK
INFO:     Application startup complete.
INFO:     Uvicorn running on http://0.0.0.0:8000 (Press CTRL+C to quit)
✅ Database initialized and connected
2026-03-28 20:18:05,483 INFO sqlalchemy.engine.Engine BEGIN (implicit)
2026-03-28 20:18:05,485 INFO sqlalchemy.engine.Engine INSERT INTO donations_cash (donor_email, amount_pence, payment_reference, status) VALUES ($1::VARCHAR, $2::INTEGER, $3::VARCHAR, $4::VARCHAR) RETURNING donations_cash.id, donations_cash.created_at
2026-03-28 20:18:05,485 INFO sqlalchemy.engine.Engine [generated in 0.00037s] ('avataylor6688@gmail.com', 3500, 'diag-cash-1', 'completed')
2026-03-28 20:18:05,492 INFO sqlalchemy.engine.Engine SELECT donations_cash.id, donations_cash.donor_email, donations_cash.amount_pence, donations_cash.payment_reference, donations_cash.status, donations_cash.created_at 
FROM donations_cash 
WHERE donations_cash.id = $1::UUID
2026-03-28 20:18:05,492 INFO sqlalchemy.engine.Engine [generated in 0.00038s] (UUID('8f190d66-89cc-4fdd-a126-9ecff1178eea'),)
INFO:     Queued cash donation thank-you email for avataylor6688@gmail.com
2026-03-28 20:18:05,494 INFO sqlalchemy.engine.Engine COMMIT
INFO:     127.0.0.1:34984 - "POST /api/v1/donations/cash HTTP/1.1" 201 Created
INFO:     Email task started for recipient=avataylor6688@gmail.com donation_type=cash
INFO:     Thank-you email sent to avataylor6688@gmail.com
2026-03-28 20:18:14,750 INFO sqlalchemy.engine.Engine BEGIN (implicit)
2026-03-28 20:18:14,751 INFO sqlalchemy.engine.Engine INSERT INTO donations_goods (donor_user_id, donor_name, donor_email, donor_phone, notes, status) VALUES ($1::UUID, $2::VARCHAR, $3::VARCHAR, $4::VARCHAR, $5::VARCHAR, $6::VARCHAR) RETURNING donations_goods.id, donations_goods.created_at
2026-03-28 20:18:14,751 INFO sqlalchemy.engine.Engine [generated in 0.00024s] (None, 'Diag User', 'avataylor6688@gmail.com', '1234567890', 'diag', 'pending')
2026-03-28 20:18:14,754 INFO sqlalchemy.engine.Engine INSERT INTO donation_goods_items (donation_id, item_name, quantity) VALUES ($1::UUID, $2::VARCHAR, $3::INTEGER) RETURNING donation_goods_items.id
2026-03-28 20:18:14,754 INFO sqlalchemy.engine.Engine [generated in 0.00016s] (UUID('5efee39d-3a1a-425b-b5c2-e517b72584b2'), 'Rice', 1)
2026-03-28 20:18:14,757 INFO sqlalchemy.engine.Engine SELECT donations_goods.id, donations_goods.donor_user_id, donations_goods.donor_name, donations_goods.donor_email, donations_goods.donor_phone, donations_goods.notes, donations_goods.status, donations_goods.created_at 
FROM donations_goods 
WHERE donations_goods.id = $1::UUID
2026-03-28 20:18:14,757 INFO sqlalchemy.engine.Engine [generated in 0.00028s] (UUID('5efee39d-3a1a-425b-b5c2-e517b72584b2'),)
INFO:     Queued goods donation thank-you email for avataylor6688@gmail.com
2026-03-28 20:18:14,759 INFO sqlalchemy.engine.Engine COMMIT
INFO:     127.0.0.1:56232 - "POST /api/v1/donations/goods HTTP/1.1" 201 Created
INFO:     Email task started for recipient=avataylor6688@gmail.com donation_type=goods
INFO:     Thank-you email sent to avataylor6688@gmail.com
2026-03-28 20:19:20,999 INFO sqlalchemy.engine.Engine BEGIN (implicit)
2026-03-28 20:19:20,999 INFO sqlalchemy.engine.Engine INSERT INTO donations_cash (donor_email, amount_pence, payment_reference, status) VALUES ($1::VARCHAR, $2::INTEGER, $3::VARCHAR, $4::VARCHAR) RETURNING donations_cash.id, donations_cash.created_at
2026-03-28 20:19:21,000 INFO sqlalchemy.engine.Engine [cached since 75.51s ago] ('avataylor6688@gmail.com', 1000, 'web-1774729160966', 'completed')
2026-03-28 20:19:21,001 INFO sqlalchemy.engine.Engine SELECT donations_cash.id, donations_cash.donor_email, donations_cash.amount_pence, donations_cash.payment_reference, donations_cash.status, donations_cash.created_at 
FROM donations_cash 
WHERE donations_cash.id = $1::UUID
2026-03-28 20:19:21,001 INFO sqlalchemy.engine.Engine [cached since 75.51s ago] (UUID('08a76a0c-9730-4b96-a22a-6b948bbdbd30'),)
INFO:     Queued cash donation thank-you email for avataylor6688@gmail.com
2026-03-28 20:19:21,002 INFO sqlalchemy.engine.Engine COMMIT
INFO:     193.61.208.31:0 - "POST /api/v1/donations/cash HTTP/1.1" 201 Created
INFO:     Email task started for recipient=avataylor6688@gmail.com donation_type=cash
INFO:     Thank-you email sent to avataylor6688@gmail.com
2026-03-28 20:20:05,875 INFO sqlalchemy.engine.Engine BEGIN (implicit)
2026-03-28 20:20:05,875 INFO sqlalchemy.engine.Engine INSERT INTO donations_cash (donor_email, amount_pence, payment_reference, status) VALUES ($1::VARCHAR, $2::INTEGER, $3::VARCHAR, $4::VARCHAR) RETURNING donations_cash.id, donations_cash.created_at
2026-03-28 20:20:05,875 INFO sqlalchemy.engine.Engine [cached since 120.4s ago] ('ziw11@aber.ac.uk', 1000, 'web-1774729205726', 'completed')
2026-03-28 20:20:05,877 INFO sqlalchemy.engine.Engine SELECT donations_cash.id, donations_cash.donor_email, donations_cash.amount_pence, donations_cash.payment_reference, donations_cash.status, donations_cash.created_at 
FROM donations_cash 
WHERE donations_cash.id = $1::UUID
2026-03-28 20:20:05,877 INFO sqlalchemy.engine.Engine [cached since 120.4s ago] (UUID('6c933292-5614-4c87-a2fa-954c07e63ac3'),)
INFO:     Queued cash donation thank-you email for ziw11@aber.ac.uk
2026-03-28 20:20:05,877 INFO sqlalchemy.engine.Engine COMMIT
INFO:     193.61.208.31:0 - "POST /api/v1/donations/cash HTTP/1.1" 201 Created
INFO:     Email task started for recipient=ziw11@aber.ac.uk donation_type=cash
INFO:     Thank-you email sent to ziw11@aber.ac.uk
2026-03-28 20:22:37,414 INFO sqlalchemy.engine.Engine BEGIN (implicit)
2026-03-28 20:22:37,415 INFO sqlalchemy.engine.Engine INSERT INTO donations_cash (donor_email, amount_pence, payment_reference, status) VALUES ($1::VARCHAR, $2::INTEGER, $3::VARCHAR, $4::VARCHAR) RETURNING donations_cash.id, donations_cash.created_at
2026-03-28 20:22:37,415 INFO sqlalchemy.engine.Engine [cached since 271.9s ago] ('avataylor6688@gmail.com', 1234, 'via-frontend-proxy', 'completed')
2026-03-28 20:22:37,416 INFO sqlalchemy.engine.Engine SELECT donations_cash.id, donations_cash.donor_email, donations_cash.amount_pence, donations_cash.payment_reference, donations_cash.status, donations_cash.created_at 
FROM donations_cash 
WHERE donations_cash.id = $1::UUID
2026-03-28 20:22:37,416 INFO sqlalchemy.engine.Engine [cached since 271.9s ago] (UUID('616242f3-50e2-4352-a19a-2601f522f5a4'),)
INFO:     Queued cash donation thank-you email for avataylor6688@gmail.com
2026-03-28 20:22:37,417 INFO sqlalchemy.engine.Engine COMMIT
INFO:     127.0.0.1:45898 - "POST /api/v1/donations/cash HTTP/1.1" 201 Created
INFO:     Email task started for recipient=avataylor6688@gmail.com donation_type=cash
INFO:     Thank-you email sent to avataylor6688@gmail.com
2026-03-28 20:26:32,350 INFO sqlalchemy.engine.Engine BEGIN (implicit)
2026-03-28 20:26:32,351 INFO sqlalchemy.engine.Engine INSERT INTO donations_cash (donor_email, amount_pence, payment_reference, status) VALUES ($1::VARCHAR, $2::INTEGER, $3::VARCHAR, $4::VARCHAR) RETURNING donations_cash.id, donations_cash.created_at
2026-03-28 20:26:32,351 INFO sqlalchemy.engine.Engine [cached since 506.9s ago] ('ziw11@aber.ac.uk', 1000, 'web-1774729591952', 'completed')
2026-03-28 20:26:32,353 INFO sqlalchemy.engine.Engine SELECT donations_cash.id, donations_cash.donor_email, donations_cash.amount_pence, donations_cash.payment_reference, donations_cash.status, donations_cash.created_at 
FROM donations_cash 
WHERE donations_cash.id = $1::UUID
2026-03-28 20:26:32,353 INFO sqlalchemy.engine.Engine [cached since 506.9s ago] (UUID('326282d1-af0b-4d26-9402-e128dbc7632d'),)
INFO:     Queued cash donation thank-you email for ziw11@aber.ac.uk
2026-03-28 20:26:32,354 INFO sqlalchemy.engine.Engine COMMIT
INFO:     193.61.208.31:0 - "POST /api/v1/donations/cash HTTP/1.1" 201 Created
INFO:     Email task started for recipient=ziw11@aber.ac.uk donation_type=cash
INFO:     Thank-you email sent to ziw11@aber.ac.uk
2026-03-28 20:27:07,394 INFO sqlalchemy.engine.Engine BEGIN (implicit)
2026-03-28 20:27:07,394 INFO sqlalchemy.engine.Engine INSERT INTO donations_goods (donor_user_id, donor_name, donor_email, donor_phone, notes, status) VALUES ($1::UUID, $2::VARCHAR, $3::VARCHAR, $4::VARCHAR, $5::VARCHAR, $6::VARCHAR) RETURNING donations_goods.id, donations_goods.created_at
2026-03-28 20:27:07,394 INFO sqlalchemy.engine.Engine [cached since 532.6s ago] (None, 'Zirou Wei', 'ziw11@aber.ac.uk', '+447344130510', '111', 'pending')
2026-03-28 20:27:07,396 INFO sqlalchemy.engine.Engine INSERT INTO donation_goods_items (donation_id, item_name, quantity) VALUES ($1::UUID, $2::VARCHAR, $3::INTEGER) RETURNING donation_goods_items.id
2026-03-28 20:27:07,396 INFO sqlalchemy.engine.Engine [cached since 532.6s ago] (UUID('0dcf0169-9d11-43d7-be03-1c5f7477fa7e'), '111111', 1)
2026-03-28 20:27:07,397 INFO sqlalchemy.engine.Engine SELECT donations_goods.id, donations_goods.donor_user_id, donations_goods.donor_name, donations_goods.donor_email, donations_goods.donor_phone, donations_goods.notes, donations_goods.status, donations_goods.created_at 
FROM donations_goods 
WHERE donations_goods.id = $1::UUID
2026-03-28 20:27:07,397 INFO sqlalchemy.engine.Engine [cached since 532.6s ago] (UUID('0dcf0169-9d11-43d7-be03-1c5f7477fa7e'),)
INFO:     Queued goods donation thank-you email for ziw11@aber.ac.uk
2026-03-28 20:27:07,398 INFO sqlalchemy.engine.Engine COMMIT
INFO:     193.61.208.31:0 - "POST /api/v1/donations/goods HTTP/1.1" 201 Created
INFO:     Email task started for recipient=ziw11@aber.ac.uk donation_type=goods
INFO:     Thank-you email sent to ziw11@aber.ac.uk
2026-03-28 20:32:36,292 INFO sqlalchemy.engine.Engine BEGIN (implicit)
2026-03-28 20:32:36,297 INFO sqlalchemy.engine.Engine INSERT INTO donations_goods (donor_user_id, donor_name, donor_email, donor_phone, notes, status) VALUES ($1::UUID, $2::VARCHAR, $3::VARCHAR, $4::VARCHAR, $5::VARCHAR, $6::VARCHAR) RETURNING donations_goods.id, donations_goods.created_at
2026-03-28 20:32:36,297 INFO sqlalchemy.engine.Engine [cached since 861.5s ago] (None, 'Admin View Check', 'ziw11@aber.ac.uk', '1234567890', 'admin-visibility-check', 'pending')
2026-03-28 20:32:36,298 INFO sqlalchemy.engine.Engine INSERT INTO donation_goods_items (donation_id, item_name, quantity) VALUES ($1::UUID, $2::VARCHAR, $3::INTEGER) RETURNING donation_goods_items.id
2026-03-28 20:32:36,298 INFO sqlalchemy.engine.Engine [cached since 861.5s ago] (UUID('4d10e932-4eb0-4470-85a2-ddf2cfc9993b'), 'Pasta', 2)
2026-03-28 20:32:36,299 INFO sqlalchemy.engine.Engine SELECT donations_goods.id, donations_goods.donor_user_id, donations_goods.donor_name, donations_goods.donor_email, donations_goods.donor_phone, donations_goods.notes, donations_goods.status, donations_goods.created_at 
FROM donations_goods 
WHERE donations_goods.id = $1::UUID
2026-03-28 20:32:36,299 INFO sqlalchemy.engine.Engine [cached since 861.5s ago] (UUID('4d10e932-4eb0-4470-85a2-ddf2cfc9993b'),)
INFO:     Queued goods donation thank-you email for ziw11@aber.ac.uk
2026-03-28 20:32:36,300 INFO sqlalchemy.engine.Engine COMMIT
INFO:     127.0.0.1:43104 - "POST /api/v1/donations/goods HTTP/1.1" 201 Created
INFO:     Email task started for recipient=ziw11@aber.ac.uk donation_type=goods
INFO:     Thank-you email sent to ziw11@aber.ac.uk
2026-03-28 20:32:41,187 INFO sqlalchemy.engine.Engine BEGIN (implicit)
2026-03-28 20:32:41,187 INFO sqlalchemy.engine.Engine SELECT users.id, users.name, users.email, users.password_hash, users.role, users.created_at, users.updated_at 
FROM users 
WHERE users.email = $1::VARCHAR
2026-03-28 20:32:41,187 INFO sqlalchemy.engine.Engine [cached since 890.7s ago] ('admin@foodbank.com',)
INFO:     127.0.0.1:44052 - "POST /api/v1/auth/login HTTP/1.1" 200 OK
2026-03-28 20:32:41,444 INFO sqlalchemy.engine.Engine COMMIT
2026-03-28 20:32:41,447 INFO sqlalchemy.engine.Engine BEGIN (implicit)
2026-03-28 20:32:41,448 INFO sqlalchemy.engine.Engine SELECT donations_cash.id, donations_cash.donor_email, donations_cash.amount_pence, donations_cash.payment_reference, donations_cash.status, donations_cash.created_at 
FROM donations_cash ORDER BY donations_cash.created_at DESC
2026-03-28 20:32:41,448 INFO sqlalchemy.engine.Engine [generated in 0.00015s] ()
2026-03-28 20:32:41,451 INFO sqlalchemy.engine.Engine SELECT donations_goods.id, donations_goods.donor_user_id, donations_goods.donor_name, donations_goods.donor_email, donations_goods.donor_phone, donations_goods.notes, donations_goods.status, donations_goods.created_at 
FROM donations_goods ORDER BY donations_goods.created_at DESC
2026-03-28 20:32:41,451 INFO sqlalchemy.engine.Engine [generated in 0.00014s] ()
INFO:     127.0.0.1:44068 - "GET /api/v1/donations HTTP/1.1" 200 OK
2026-03-28 20:32:41,453 INFO sqlalchemy.engine.Engine COMMIT
2026-03-28 20:34:46,926 INFO sqlalchemy.engine.Engine BEGIN (implicit)
2026-03-28 20:34:46,927 INFO sqlalchemy.engine.Engine SELECT users.id, users.name, users.email, users.password_hash, users.role, users.created_at, users.updated_at 
FROM users 
WHERE users.email = $1::VARCHAR
2026-03-28 20:34:46,927 INFO sqlalchemy.engine.Engine [cached since 1016s ago] ('admin@foodbank.com',)
INFO:     193.61.208.31:0 - "POST /api/v1/auth/login HTTP/1.1" 200 OK
2026-03-28 20:34:47,210 INFO sqlalchemy.engine.Engine COMMIT
2026-03-28 20:34:47,559 INFO sqlalchemy.engine.Engine BEGIN (implicit)
2026-03-28 20:34:47,560 INFO sqlalchemy.engine.Engine SELECT donations_cash.id, donations_cash.donor_email, donations_cash.amount_pence, donations_cash.payment_reference, donations_cash.status, donations_cash.created_at 
FROM donations_cash ORDER BY donations_cash.created_at DESC
2026-03-28 20:34:47,560 INFO sqlalchemy.engine.Engine [cached since 126.1s ago] ()
2026-03-28 20:34:47,561 INFO sqlalchemy.engine.Engine SELECT donations_goods.id, donations_goods.donor_user_id, donations_goods.donor_name, donations_goods.donor_email, donations_goods.donor_phone, donations_goods.notes, donations_goods.status, donations_goods.created_at 
FROM donations_goods ORDER BY donations_goods.created_at DESC
2026-03-28 20:34:47,562 INFO sqlalchemy.engine.Engine [cached since 126.1s ago] ()
INFO:     193.61.208.31:0 - "GET /api/v1/donations HTTP/1.1" 200 OK
2026-03-28 20:34:47,563 INFO sqlalchemy.engine.Engine COMMIT
2026-03-28 20:34:47,850 INFO sqlalchemy.engine.Engine BEGIN (implicit)
2026-03-28 20:34:47,850 INFO sqlalchemy.engine.Engine SELECT donations_cash.id, donations_cash.donor_email, donations_cash.amount_pence, donations_cash.payment_reference, donations_cash.status, donations_cash.created_at 
FROM donations_cash ORDER BY donations_cash.created_at DESC
2026-03-28 20:34:47,850 INFO sqlalchemy.engine.Engine [cached since 126.4s ago] ()
2026-03-28 20:34:47,852 INFO sqlalchemy.engine.Engine SELECT donations_goods.id, donations_goods.donor_user_id, donations_goods.donor_name, donations_goods.donor_email, donations_goods.donor_phone, donations_goods.notes, donations_goods.status, donations_goods.created_at 
FROM donations_goods ORDER BY donations_goods.created_at DESC
2026-03-28 20:34:47,852 INFO sqlalchemy.engine.Engine [cached since 126.4s ago] ()
INFO:     193.61.208.31:0 - "GET /api/v1/donations HTTP/1.1" 200 OK
2026-03-28 20:34:47,853 INFO sqlalchemy.engine.Engine COMMIT
2026-03-28 20:35:01,191 INFO sqlalchemy.engine.Engine BEGIN (implicit)
2026-03-28 20:35:01,191 INFO sqlalchemy.engine.Engine SELECT donations_cash.id, donations_cash.donor_email, donations_cash.amount_pence, donations_cash.payment_reference, donations_cash.status, donations_cash.created_at 
FROM donations_cash ORDER BY donations_cash.created_at DESC
2026-03-28 20:35:01,191 INFO sqlalchemy.engine.Engine [cached since 139.7s ago] ()
2026-03-28 20:35:01,193 INFO sqlalchemy.engine.Engine SELECT donations_goods.id, donations_goods.donor_user_id, donations_goods.donor_name, donations_goods.donor_email, donations_goods.donor_phone, donations_goods.notes, donations_goods.status, donations_goods.created_at 
FROM donations_goods ORDER BY donations_goods.created_at DESC
2026-03-28 20:35:01,193 INFO sqlalchemy.engine.Engine [cached since 139.7s ago] ()
INFO:     193.61.208.31:0 - "GET /api/v1/donations HTTP/1.1" 200 OK
2026-03-28 20:35:01,194 INFO sqlalchemy.engine.Engine COMMIT
2026-03-28 20:39:33,759 INFO sqlalchemy.engine.Engine BEGIN (implicit)
2026-03-28 20:39:33,760 INFO sqlalchemy.engine.Engine SELECT users.id, users.name, users.email, users.password_hash, users.role, users.created_at, users.updated_at 
FROM users 
WHERE users.email = $1::VARCHAR
2026-03-28 20:39:33,760 INFO sqlalchemy.engine.Engine [cached since 1303s ago] ('autotest_1774730373@example.com',)
2026-03-28 20:39:34,041 INFO sqlalchemy.engine.Engine INSERT INTO users (name, email, password_hash, role) VALUES ($1::VARCHAR, $2::VARCHAR, $3::VARCHAR, $4::VARCHAR) RETURNING users.id, users.created_at, users.updated_at
2026-03-28 20:39:34,042 INFO sqlalchemy.engine.Engine [generated in 0.00034s] ('Auto Test User', 'autotest_1774730373@example.com', '$2b$12$v.S2/RdInkBuR/4j7J.hS.Zrlt5RViDlhOO1n1WBfnkj2HPf6PnSW', 'public')
2026-03-28 20:39:34,062 INFO sqlalchemy.engine.Engine SELECT users.id, users.name, users.email, users.password_hash, users.role, users.created_at, users.updated_at 
FROM users 
WHERE users.id = $1::UUID
2026-03-28 20:39:34,062 INFO sqlalchemy.engine.Engine [generated in 0.00018s] (UUID('3538bb2d-268d-42a1-90c4-44abcf4682ee'),)
INFO:     127.0.0.1:53124 - "POST /api/v1/auth/register HTTP/1.1" 201 Created
2026-03-28 20:39:34,064 INFO sqlalchemy.engine.Engine COMMIT
2026-03-28 20:39:34,067 INFO sqlalchemy.engine.Engine BEGIN (implicit)
2026-03-28 20:39:34,068 INFO sqlalchemy.engine.Engine SELECT users.id, users.name, users.email, users.password_hash, users.role, users.created_at, users.updated_at 
FROM users 
WHERE users.email = $1::VARCHAR
2026-03-28 20:39:34,068 INFO sqlalchemy.engine.Engine [cached since 1304s ago] ('autotest_1774730373@example.com',)
INFO:     127.0.0.1:53132 - "POST /api/v1/auth/login HTTP/1.1" 200 OK
2026-03-28 20:39:34,322 INFO sqlalchemy.engine.Engine COMMIT
2026-03-28 20:39:34,325 INFO sqlalchemy.engine.Engine BEGIN (implicit)
2026-03-28 20:39:34,326 INFO sqlalchemy.engine.Engine SELECT users.id, users.name, users.email, users.password_hash, users.role, users.created_at, users.updated_at 
FROM users 
WHERE users.id = $1::UUID
2026-03-28 20:39:34,326 INFO sqlalchemy.engine.Engine [generated in 0.00015s] ('3538bb2d-268d-42a1-90c4-44abcf4682ee',)
INFO:     127.0.0.1:53136 - "GET /api/v1/auth/me HTTP/1.1" 200 OK
2026-03-28 20:39:34,327 INFO sqlalchemy.engine.Engine COMMIT
2026-03-28 20:44:43,200 INFO sqlalchemy.engine.Engine BEGIN (implicit)
2026-03-28 20:44:43,205 INFO sqlalchemy.engine.Engine SELECT users.id, users.name, users.email, users.password_hash, users.role, users.created_at, users.updated_at 
FROM users 
WHERE users.email = $1::VARCHAR
2026-03-28 20:44:43,206 INFO sqlalchemy.engine.Engine [cached since 1613s ago] ('pwtest_1774730683@example.com',)
2026-03-28 20:44:43,460 INFO sqlalchemy.engine.Engine INSERT INTO users (name, email, password_hash, role) VALUES ($1::VARCHAR, $2::VARCHAR, $3::VARCHAR, $4::VARCHAR) RETURNING users.id, users.created_at, users.updated_at
2026-03-28 20:44:43,460 INFO sqlalchemy.engine.Engine [cached since 309.4s ago] ('Weak User', 'pwtest_1774730683@example.com', '$2b$12$AMuWyiztT11xx5wABhENB..X/G4TY5bFDx.QD2tzRkPlqUzcW6s7i', 'public')
2026-03-28 20:44:43,461 INFO sqlalchemy.engine.Engine SELECT users.id, users.name, users.email, users.password_hash, users.role, users.created_at, users.updated_at 
FROM users 
WHERE users.id = $1::UUID
2026-03-28 20:44:43,461 INFO sqlalchemy.engine.Engine [cached since 309.4s ago] (UUID('e902913e-621a-4689-a0d2-80088c16a228'),)
INFO:     127.0.0.1:35430 - "POST /api/v1/auth/register HTTP/1.1" 201 Created
2026-03-28 20:44:43,463 INFO sqlalchemy.engine.Engine COMMIT
2026-03-28 20:44:43,557 INFO sqlalchemy.engine.Engine BEGIN (implicit)
2026-03-28 20:44:43,557 INFO sqlalchemy.engine.Engine SELECT users.id, users.name, users.email, users.password_hash, users.role, users.created_at, users.updated_at 
FROM users 
WHERE users.email = $1::VARCHAR
2026-03-28 20:44:43,557 INFO sqlalchemy.engine.Engine [cached since 1613s ago] ('pwtest_1774730683@example.com',)
2026-03-28 20:44:43,560 INFO sqlalchemy.engine.Engine ROLLBACK
INFO:     127.0.0.1:35442 - "POST /api/v1/auth/register HTTP/1.1" 409 Conflict
2026-03-28 20:50:11,566 INFO sqlalchemy.engine.Engine BEGIN (implicit)
2026-03-28 20:50:11,566 INFO sqlalchemy.engine.Engine SELECT users.id, users.name, users.email, users.password_hash, users.role, users.created_at, users.updated_at 
FROM users 
WHERE users.email = $1::VARCHAR
2026-03-28 20:50:11,567 INFO sqlalchemy.engine.Engine [cached since 1941s ago] ('user@example.com',)
INFO:     193.61.208.31:0 - "POST /api/v1/auth/login HTTP/1.1" 200 OK
2026-03-28 20:50:11,823 INFO sqlalchemy.engine.Engine COMMIT
2026-03-28 20:52:21,216 INFO sqlalchemy.engine.Engine BEGIN (implicit)
2026-03-28 20:52:21,219 INFO sqlalchemy.engine.Engine SELECT users.id, users.name, users.email, users.password_hash, users.role, users.created_at, users.updated_at 
FROM users 
WHERE users.email = $1::VARCHAR
2026-03-28 20:52:21,219 INFO sqlalchemy.engine.Engine [cached since 2071s ago] ('ziw11@aber.ac.uk',)
2026-03-28 20:52:21,475 INFO sqlalchemy.engine.Engine INSERT INTO users (name, email, password_hash, role) VALUES ($1::VARCHAR, $2::VARCHAR, $3::VARCHAR, $4::VARCHAR) RETURNING users.id, users.created_at, users.updated_at
2026-03-28 20:52:21,475 INFO sqlalchemy.engine.Engine [cached since 767.4s ago] ('q', 'ziw11@aber.ac.uk', '$2b$12$WOv2MK.fodhFLDACRJz3KObWzgLpnNlMNQbxtWo8nxZuF8C7jjaLu', 'public')
2026-03-28 20:52:21,477 INFO sqlalchemy.engine.Engine SELECT users.id, users.name, users.email, users.password_hash, users.role, users.created_at, users.updated_at 
FROM users 
WHERE users.id = $1::UUID
2026-03-28 20:52:21,477 INFO sqlalchemy.engine.Engine [cached since 767.4s ago] (UUID('2c04fa2a-7710-4e92-82c2-4e4c46b5489f'),)
INFO:     193.61.208.31:0 - "POST /api/v1/auth/register HTTP/1.1" 201 Created
2026-03-28 20:52:21,479 INFO sqlalchemy.engine.Engine COMMIT
2026-03-28 20:52:21,710 INFO sqlalchemy.engine.Engine BEGIN (implicit)
2026-03-28 20:52:21,710 INFO sqlalchemy.engine.Engine SELECT users.id, users.name, users.email, users.password_hash, users.role, users.created_at, users.updated_at 
FROM users 
WHERE users.email = $1::VARCHAR
2026-03-28 20:52:21,710 INFO sqlalchemy.engine.Engine [cached since 2071s ago] ('ziw11@aber.ac.uk',)
INFO:     193.61.208.31:0 - "POST /api/v1/auth/login HTTP/1.1" 200 OK
2026-03-28 20:52:21,963 INFO sqlalchemy.engine.Engine COMMIT
2026-03-28 21:01:50,537 INFO sqlalchemy.engine.Engine BEGIN (implicit)
2026-03-28 21:01:50,550 INFO sqlalchemy.engine.Engine SELECT users.id, users.name, users.email, users.password_hash, users.role, users.created_at, users.updated_at 
FROM users 
WHERE users.email = $1::VARCHAR
2026-03-28 21:01:50,550 INFO sqlalchemy.engine.Engine [cached since 2640s ago] ('ziw11@aber.ac.uk',)
2026-03-28 21:01:50,561 INFO sqlalchemy.engine.Engine ROLLBACK
INFO:     193.61.208.31:0 - "POST /api/v1/auth/register HTTP/1.1" 409 Conflict
